0 info it worked if it ends with ok
1 verbose cli [ 'node', '/usr/local/bin/npm', 'publish' ]
2 info using npm@1.4.21
3 info using node@v0.10.29
4 verbose node symlink /usr/local/bin/node
5 verbose publish [ '.' ]
6 verbose cache add [ '.', null ]
7 verbose cache add name=undefined spec="." args=[".",null]
8 verbose parsed url { protocol: null,
8 verbose parsed url   slashes: null,
8 verbose parsed url   auth: null,
8 verbose parsed url   host: null,
8 verbose parsed url   port: null,
8 verbose parsed url   hostname: null,
8 verbose parsed url   hash: null,
8 verbose parsed url   search: null,
8 verbose parsed url   query: null,
8 verbose parsed url   pathname: '.',
8 verbose parsed url   path: '.',
8 verbose parsed url   href: '.' }
9 silly lockFile 3a52ce78- .
10 verbose lock . /Users/bryantebeek/.npm/3a52ce78-.lock
11 verbose tar pack [ '/Users/bryantebeek/.npm/hubot-newrelic/0.0.1/package.tgz',
11 verbose tar pack   '.' ]
12 verbose tarball /Users/bryantebeek/.npm/hubot-newrelic/0.0.1/package.tgz
13 verbose folder .
14 info prepublish hubot-newrelic@0.0.1
15 silly lockFile 1f1177db-tar tar://.
16 verbose lock tar://. /Users/bryantebeek/.npm/1f1177db-tar.lock
17 silly lockFile 176ca75b-hubot-newrelic-0-0-1-package-tgz tar:///Users/bryantebeek/.npm/hubot-newrelic/0.0.1/package.tgz
18 verbose lock tar:///Users/bryantebeek/.npm/hubot-newrelic/0.0.1/package.tgz /Users/bryantebeek/.npm/176ca75b-hubot-newrelic-0-0-1-package-tgz.lock
19 silly lockFile 1f1177db-tar tar://.
20 silly lockFile 1f1177db-tar tar://.
21 silly lockFile 176ca75b-hubot-newrelic-0-0-1-package-tgz tar:///Users/bryantebeek/.npm/hubot-newrelic/0.0.1/package.tgz
22 silly lockFile 176ca75b-hubot-newrelic-0-0-1-package-tgz tar:///Users/bryantebeek/.npm/hubot-newrelic/0.0.1/package.tgz
23 silly lockFile 3169c669-npm-hubot-newrelic-0-0-1-package /Users/bryantebeek/.npm/hubot-newrelic/0.0.1/package
24 verbose lock /Users/bryantebeek/.npm/hubot-newrelic/0.0.1/package /Users/bryantebeek/.npm/3169c669-npm-hubot-newrelic-0-0-1-package.lock
25 silly lockFile 3169c669-npm-hubot-newrelic-0-0-1-package /Users/bryantebeek/.npm/hubot-newrelic/0.0.1/package
26 silly lockFile 3169c669-npm-hubot-newrelic-0-0-1-package /Users/bryantebeek/.npm/hubot-newrelic/0.0.1/package
27 silly lockFile 3a52ce78- .
28 silly lockFile 3a52ce78- .
29 silly publish { name: 'hubot-newrelic',
29 silly publish   version: '0.0.1',
29 silly publish   description: 'New Relic integration for Hubot',
29 silly publish   main: 'index.coffee',
29 silly publish   scripts: { test: 'echo "Error: no test specified" && exit 1' },
29 silly publish   repository: { type: 'git', url: 'github.com/bryantebeek/hubot-newrelic' },
29 silly publish   keywords: [ 'hubot' ],
29 silly publish   author: { name: 'Bryan te Beek' },
29 silly publish   license: 'MIT',
29 silly publish   bugs: { url: 'https://github.com/bryantebeek/hubot-newrelic/issues' },
29 silly publish   homepage: 'https://github.com/bryantebeek/hubot-newrelic',
29 silly publish   readme: 'hubot-newrelic\n==============\n\nNew Relic integration for Hubot\n',
29 silly publish   readmeFilename: 'README.md',
29 silly publish   gitHead: '97ee206ed6bca44070ee4245a826130dcd55bafc',
29 silly publish   _id: 'hubot-newrelic@0.0.1',
29 silly publish   _shasum: 'de7bb09c97041d8ddafa0588b85923eaaa13b1b2',
29 silly publish   _from: '.' }
30 error Error: forbidden Cannot replace previously published version: 0.0.1: hubot-newrelic
30 error     at RegClient.<anonymous> (/usr/local/lib/node_modules/npm/node_modules/npm-registry-client/lib/request.js:300:14)
30 error     at Request._callback (/usr/local/lib/node_modules/npm/node_modules/npm-registry-client/lib/request.js:238:65)
30 error     at Request.self.callback (/usr/local/lib/node_modules/npm/node_modules/npm-registry-client/node_modules/request/request.js:123:22)
30 error     at Request.emit (events.js:98:17)
30 error     at Request.<anonymous> (/usr/local/lib/node_modules/npm/node_modules/npm-registry-client/node_modules/request/request.js:1047:14)
30 error     at Request.emit (events.js:117:20)
30 error     at IncomingMessage.<anonymous> (/usr/local/lib/node_modules/npm/node_modules/npm-registry-client/node_modules/request/request.js:998:12)
30 error     at IncomingMessage.emit (events.js:117:20)
30 error     at _stream_readable.js:929:16
30 error     at process._tickCallback (node.js:419:13)
31 error If you need help, you may report this *entire* log,
31 error including the npm and node versions, at:
31 error     <http://github.com/npm/npm/issues>
32 error System Darwin 13.3.0
33 error command "node" "/usr/local/bin/npm" "publish"
34 error cwd /Users/bryantebeek/Lifely/Bot/Simon/node_modules/hubot-newrelic
35 error node -v v0.10.29
36 error npm -v 1.4.21
37 verbose exit [ 1, true ]
